09:45:33 INFO  c.example.demo.DemoApplicationTests - Starting DemoApplicationTests using Java 21.0.6 with PID 28476 (started by MohamedAnchors in C:\Users\MohamedAnchors\Downloads\salesforce-spring\demo\demo)
09:45:33 INFO  c.example.demo.DemoApplicationTests - No active profile set, falling back to 1 default profile: "default"
09:45:36 INFO  o.s.b.a.w.s.WelcomePageHandlerMapping - Adding welcome page: class path resource [static/index.html]
09:45:37 INFO  c.example.demo.DemoApplicationTests - Started DemoApplicationTests in 4.68 seconds (process running for 7.289)
09:46:34 INFO  com.example.demo.DemoApplication - Starting DemoApplication using Java 21.0.6 with PID 19368 (C:\Users\MohamedAnchors\Downloads\salesforce-spring\demo\demo\target\classes started by MohamedAnchors in C:\Users\MohamedAnchors\Downloads\salesforce-spring\demo\demo)
09:46:34 INFO  com.example.demo.DemoApplication - No active profile set, falling back to 1 default profile: "default"
09:46:34 INFO  o.s.b.d.e.DevToolsPropertyDefaultsPostProcessor - Devtools property defaults active! Set 'spring.devtools.add-properties' to 'false' to disable
09:46:34 INFO  o.s.b.d.e.DevToolsPropertyDefaultsPostProcessor - For additional web related logging consider setting the 'logging.level.web' property to 'DEBUG'
09:46:36 INFO  o.s.b.w.e.tomcat.TomcatWebServer - Tomcat initialized with port 9090 (http)
09:46:36 INFO  o.a.coyote.http11.Http11NioProtocol - Initializing ProtocolHandler ["http-nio-9090"]
09:46:36 INFO  o.a.catalina.core.StandardService - Starting service [Tomcat]
09:46:36 INFO  o.a.catalina.core.StandardEngine - Starting Servlet engine: [Apache Tomcat/10.1.48]
09:46:36 INFO  o.a.c.c.C.[Tomcat].[localhost].[/] - Initializing Spring embedded WebApplicationContext
09:46:36 INFO  o.s.b.w.s.c.ServletWebServerApplicationContext - Root WebApplicationContext: initialization completed in 1423 ms
09:46:36 INFO  o.s.b.a.w.s.WelcomePageHandlerMapping - Adding welcome page: class path resource [static/index.html]
09:46:36 INFO  o.s.b.d.a.OptionalLiveReloadServer - LiveReload server is running on port 35729
09:46:36 INFO  o.a.coyote.http11.Http11NioProtocol - Starting ProtocolHandler ["http-nio-9090"]
09:46:36 WARN  o.s.b.w.s.c.AnnotationConfigServletWebServerApplicationContext - Exception encountered during context initialization - cancelling refresh attempt: org.springframework.context.ApplicationContextException: Failed to start bean 'webServerStartStop'
09:46:36 INFO  o.s.b.a.l.ConditionEvaluationReportLogger - 

Error starting ApplicationContext. To display the condition evaluation report re-run your application with 'debug' enabled.
09:46:37 ERROR o.s.b.d.LoggingFailureAnalysisReporter - 

***************************
APPLICATION FAILED TO START
***************************

Description:

Web server failed to start. Port 9090 was already in use.

Action:

Identify and stop the process that's listening on port 9090 or configure this application to listen on another port.

09:50:10 INFO  com.example.demo.DemoApplication - Starting DemoApplication using Java 21.0.6 with PID 30492 (C:\Users\MohamedAnchors\Downloads\salesforce-spring\demo\demo\target\classes started by MohamedAnchors in C:\Users\MohamedAnchors\Downloads\salesforce-spring\demo\demo)
09:50:10 INFO  com.example.demo.DemoApplication - No active profile set, falling back to 1 default profile: "default"
09:50:10 INFO  o.s.b.d.e.DevToolsPropertyDefaultsPostProcessor - Devtools property defaults active! Set 'spring.devtools.add-properties' to 'false' to disable
09:50:10 INFO  o.s.b.d.e.DevToolsPropertyDefaultsPostProcessor - For additional web related logging consider setting the 'logging.level.web' property to 'DEBUG'
09:50:12 INFO  o.s.b.w.e.tomcat.TomcatWebServer - Tomcat initialized with port 9090 (http)
09:50:12 INFO  o.a.coyote.http11.Http11NioProtocol - Initializing ProtocolHandler ["http-nio-9090"]
09:50:12 INFO  o.a.catalina.core.StandardService - Starting service [Tomcat]
09:50:12 INFO  o.a.catalina.core.StandardEngine - Starting Servlet engine: [Apache Tomcat/10.1.48]
09:50:12 INFO  o.a.c.c.C.[Tomcat].[localhost].[/] - Initializing Spring embedded WebApplicationContext
09:50:12 INFO  o.s.b.w.s.c.ServletWebServerApplicationContext - Root WebApplicationContext: initialization completed in 1615 ms
09:50:12 INFO  o.s.b.a.w.s.WelcomePageHandlerMapping - Adding welcome page: class path resource [static/index.html]
09:50:12 INFO  o.s.b.d.a.OptionalLiveReloadServer - LiveReload server is running on port 35729
09:50:12 INFO  o.a.coyote.http11.Http11NioProtocol - Starting ProtocolHandler ["http-nio-9090"]
09:50:12 WARN  o.s.b.w.s.c.AnnotationConfigServletWebServerApplicationContext - Exception encountered during context initialization - cancelling refresh attempt: org.springframework.context.ApplicationContextException: Failed to start bean 'webServerStartStop'
09:50:12 INFO  o.s.b.a.l.ConditionEvaluationReportLogger - 

Error starting ApplicationContext. To display the condition evaluation report re-run your application with 'debug' enabled.
09:50:12 ERROR o.s.b.d.LoggingFailureAnalysisReporter - 

***************************
APPLICATION FAILED TO START
***************************

Description:

Web server failed to start. Port 9090 was already in use.

Action:

Identify and stop the process that's listening on port 9090 or configure this application to listen on another port.

09:51:56 INFO  com.example.demo.DemoApplication - Starting DemoApplication using Java 21.0.6 with PID 32596 (C:\Users\MohamedAnchors\Downloads\salesforce-spring\demo\demo\target\classes started by MohamedAnchors in C:\Users\MohamedAnchors\Downloads\salesforce-spring\demo\demo)
09:51:56 INFO  com.example.demo.DemoApplication - No active profile set, falling back to 1 default profile: "default"
09:51:56 INFO  o.s.b.d.e.DevToolsPropertyDefaultsPostProcessor - Devtools property defaults active! Set 'spring.devtools.add-properties' to 'false' to disable
09:51:56 INFO  o.s.b.d.e.DevToolsPropertyDefaultsPostProcessor - For additional web related logging consider setting the 'logging.level.web' property to 'DEBUG'
09:51:58 INFO  o.s.b.w.e.tomcat.TomcatWebServer - Tomcat initialized with port 9090 (http)
09:51:58 INFO  o.a.coyote.http11.Http11NioProtocol - Initializing ProtocolHandler ["http-nio-9090"]
09:51:58 INFO  o.a.catalina.core.StandardService - Starting service [Tomcat]
09:51:58 INFO  o.a.catalina.core.StandardEngine - Starting Servlet engine: [Apache Tomcat/10.1.48]
09:51:58 INFO  o.a.c.c.C.[Tomcat].[localhost].[/] - Initializing Spring embedded WebApplicationContext
09:51:58 INFO  o.s.b.w.s.c.ServletWebServerApplicationContext - Root WebApplicationContext: initialization completed in 1929 ms
09:51:59 INFO  o.s.b.a.w.s.WelcomePageHandlerMapping - Adding welcome page: class path resource [static/index.html]
09:51:59 INFO  o.s.b.d.a.OptionalLiveReloadServer - LiveReload server is running on port 35729
09:51:59 INFO  o.a.coyote.http11.Http11NioProtocol - Starting ProtocolHandler ["http-nio-9090"]
09:51:59 INFO  o.s.b.w.e.tomcat.TomcatWebServer - Tomcat started on port 9090 (http) with context path '/'
09:51:59 INFO  com.example.demo.DemoApplication - Started DemoApplication in 3.864 seconds (process running for 5.119)
09:52:27 INFO  o.a.c.c.C.[Tomcat].[localhost].[/] - Initializing Spring DispatcherServlet 'dispatcherServlet'
09:52:27 INFO  o.s.web.servlet.DispatcherServlet - Initializing Servlet 'dispatcherServlet'
09:52:27 INFO  o.s.web.servlet.DispatcherServlet - Completed initialization in 2 ms
09:52:47 INFO  c.e.d.c.SalesforceController - Creating account
09:56:26 INFO  o.s.b.d.a.LocalDevToolsAutoConfiguration$RestartingClassPathChangeChangedEventListener - Restarting due to 1 class path change (0 additions, 0 deletions, 1 modification)
09:56:26 INFO  o.s.b.w.e.tomcat.GracefulShutdown - Commencing graceful shutdown. Waiting for active requests to complete
09:56:26 INFO  o.a.coyote.http11.Http11NioProtocol - Pausing ProtocolHandler ["http-nio-9090"]
09:56:26 INFO  o.s.b.w.e.tomcat.GracefulShutdown - Graceful shutdown complete
09:56:26 INFO  o.a.coyote.http11.Http11NioProtocol - Stopping ProtocolHandler ["http-nio-9090"]
09:56:27 INFO  com.example.demo.DemoApplication - Starting DemoApplication using Java 21.0.6 with PID 32596 (C:\Users\MohamedAnchors\Downloads\salesforce-spring\demo\demo\target\classes started by MohamedAnchors in C:\Users\MohamedAnchors\Downloads\salesforce-spring\demo\demo)
09:56:27 INFO  com.example.demo.DemoApplication - No active profile set, falling back to 1 default profile: "default"
09:56:27 INFO  o.s.b.w.e.tomcat.TomcatWebServer - Tomcat initialized with port 9090 (http)
09:56:27 INFO  o.a.coyote.http11.Http11NioProtocol - Initializing ProtocolHandler ["http-nio-9090"]
09:56:27 INFO  o.a.catalina.core.StandardService - Starting service [Tomcat]
09:56:27 INFO  o.a.catalina.core.StandardEngine - Starting Servlet engine: [Apache Tomcat/10.1.48]
09:56:27 INFO  o.a.c.c.C.[Tomcat].[localhost].[/] - Initializing Spring embedded WebApplicationContext
09:56:27 INFO  o.s.b.w.s.c.ServletWebServerApplicationContext - Root WebApplicationContext: initialization completed in 802 ms
09:56:28 INFO  o.s.b.a.w.s.WelcomePageHandlerMapping - Adding welcome page: class path resource [static/index.html]
09:56:28 INFO  o.s.b.d.a.OptionalLiveReloadServer - LiveReload server is running on port 35729
09:56:28 INFO  o.a.coyote.http11.Http11NioProtocol - Starting ProtocolHandler ["http-nio-9090"]
09:56:28 INFO  o.s.b.w.e.tomcat.TomcatWebServer - Tomcat started on port 9090 (http) with context path '/'
09:56:28 INFO  com.example.demo.DemoApplication - Started DemoApplication in 1.329 seconds (process running for 273.565)
09:56:28 INFO  o.s.b.d.a.ConditionEvaluationDeltaLoggingListener - Condition evaluation unchanged
09:56:30 INFO  o.a.c.c.C.[Tomcat].[localhost].[/] - Initializing Spring DispatcherServlet 'dispatcherServlet'
09:56:30 INFO  o.s.web.servlet.DispatcherServlet - Initializing Servlet 'dispatcherServlet'
09:56:30 INFO  o.s.web.servlet.DispatcherServlet - Completed initialization in 2 ms
09:56:30 INFO  c.e.d.c.SalesforceController - Creating account check
09:56:39 INFO  c.e.d.c.SalesforceController - Creating account check
09:59:50 INFO  o.s.b.d.a.LocalDevToolsAutoConfiguration$RestartingClassPathChangeChangedEventListener - Restarting due to 1 class path change (0 additions, 0 deletions, 1 modification)
09:59:50 INFO  o.s.b.w.e.tomcat.GracefulShutdown - Commencing graceful shutdown. Waiting for active requests to complete
09:59:50 INFO  o.a.coyote.http11.Http11NioProtocol - Pausing ProtocolHandler ["http-nio-9090"]
09:59:51 INFO  o.s.b.w.e.tomcat.GracefulShutdown - Graceful shutdown complete
09:59:51 INFO  o.a.coyote.http11.Http11NioProtocol - Stopping ProtocolHandler ["http-nio-9090"]
09:59:51 INFO  com.example.demo.DemoApplication - Starting DemoApplication using Java 21.0.6 with PID 32596 (C:\Users\MohamedAnchors\Downloads\salesforce-spring\demo\demo\target\classes started by MohamedAnchors in C:\Users\MohamedAnchors\Downloads\salesforce-spring\demo\demo)
09:59:51 INFO  com.example.demo.DemoApplication - No active profile set, falling back to 1 default profile: "default"
09:59:52 INFO  o.s.b.w.e.tomcat.TomcatWebServer - Tomcat initialized with port 9090 (http)
09:59:52 INFO  o.a.coyote.http11.Http11NioProtocol - Initializing ProtocolHandler ["http-nio-9090"]
09:59:52 INFO  o.a.catalina.core.StandardService - Starting service [Tomcat]
09:59:52 INFO  o.a.catalina.core.StandardEngine - Starting Servlet engine: [Apache Tomcat/10.1.48]
09:59:52 INFO  o.a.c.c.C.[Tomcat].[localhost].[/] - Initializing Spring embedded WebApplicationContext
09:59:52 INFO  o.s.b.w.s.c.ServletWebServerApplicationContext - Root WebApplicationContext: initialization completed in 744 ms
09:59:52 INFO  o.s.b.a.w.s.WelcomePageHandlerMapping - Adding welcome page: class path resource [static/index.html]
09:59:52 INFO  o.s.b.d.a.OptionalLiveReloadServer - LiveReload server is running on port 35729
09:59:52 INFO  o.a.coyote.http11.Http11NioProtocol - Starting ProtocolHandler ["http-nio-9090"]
09:59:52 INFO  o.s.b.w.e.tomcat.TomcatWebServer - Tomcat started on port 9090 (http) with context path '/'
09:59:52 INFO  com.example.demo.DemoApplication - Started DemoApplication in 1.196 seconds (process running for 477.758)
09:59:52 INFO  o.s.b.d.a.ConditionEvaluationDeltaLoggingListener - Condition evaluation unchanged
10:00:01 INFO  o.a.c.c.C.[Tomcat].[localhost].[/] - Initializing Spring DispatcherServlet 'dispatcherServlet'
10:00:01 INFO  o.s.web.servlet.DispatcherServlet - Initializing Servlet 'dispatcherServlet'
10:00:01 INFO  o.s.web.servlet.DispatcherServlet - Completed initialization in 0 ms
10:00:03 INFO  c.e.d.c.SalesforceController - Creating account
10:00:05 INFO  c.e.d.c.SalesforceController - Account created successfully: {attributes={type=Account, url=/services/data/v61.0/sobjects/Account/001bm00001KjQf6AAF}, Id=001bm00001KjQf6AAF, Name=ashour, Phone=010-1234-5678, Website=https://mohamedcorp.com, Industry=Technology, AccountNumber=A231111, Fax=01022129005}
10:01:07 INFO  o.s.b.d.a.LocalDevToolsAutoConfiguration$RestartingClassPathChangeChangedEventListener - Restarting due to 1 class path change (0 additions, 0 deletions, 1 modification)
10:01:07 INFO  o.s.b.w.e.tomcat.GracefulShutdown - Commencing graceful shutdown. Waiting for active requests to complete
10:01:07 INFO  o.a.coyote.http11.Http11NioProtocol - Pausing ProtocolHandler ["http-nio-9090"]
10:01:07 INFO  o.s.b.w.e.tomcat.GracefulShutdown - Graceful shutdown complete
10:01:07 INFO  o.a.coyote.http11.Http11NioProtocol - Stopping ProtocolHandler ["http-nio-9090"]
10:01:07 INFO  com.example.demo.DemoApplication - Starting DemoApplication using Java 21.0.6 with PID 32596 (C:\Users\MohamedAnchors\Downloads\salesforce-spring\demo\demo\target\classes started by MohamedAnchors in C:\Users\MohamedAnchors\Downloads\salesforce-spring\demo\demo)
10:01:07 INFO  com.example.demo.DemoApplication - No active profile set, falling back to 1 default profile: "default"
10:01:08 INFO  o.s.b.w.e.tomcat.TomcatWebServer - Tomcat initialized with port 9090 (http)
10:01:08 INFO  o.a.coyote.http11.Http11NioProtocol - Initializing ProtocolHandler ["http-nio-9090"]
10:01:08 INFO  o.a.catalina.core.StandardService - Starting service [Tomcat]
10:01:08 INFO  o.a.catalina.core.StandardEngine - Starting Servlet engine: [Apache Tomcat/10.1.48]
10:01:08 INFO  o.a.c.c.C.[Tomcat].[localhost].[/] - Initializing Spring embedded WebApplicationContext
10:01:08 INFO  o.s.b.w.s.c.ServletWebServerApplicationContext - Root WebApplicationContext: initialization completed in 459 ms
10:01:08 INFO  o.s.b.a.w.s.WelcomePageHandlerMapping - Adding welcome page: class path resource [static/index.html]
10:01:08 INFO  o.s.b.d.a.OptionalLiveReloadServer - LiveReload server is running on port 35729
10:01:08 INFO  o.a.coyote.http11.Http11NioProtocol - Starting ProtocolHandler ["http-nio-9090"]
10:01:08 INFO  o.s.b.w.e.tomcat.TomcatWebServer - Tomcat started on port 9090 (http) with context path '/'
10:01:08 INFO  com.example.demo.DemoApplication - Started DemoApplication in 0.64 seconds (process running for 553.646)
10:01:08 INFO  o.s.b.d.a.ConditionEvaluationDeltaLoggingListener - Condition evaluation unchanged
10:29:01 INFO  o.a.c.c.C.[Tomcat].[localhost].[/] - Initializing Spring DispatcherServlet 'dispatcherServlet'
10:29:01 INFO  o.s.web.servlet.DispatcherServlet - Initializing Servlet 'dispatcherServlet'
10:29:01 INFO  o.s.web.servlet.DispatcherServlet - Completed initialization in 1 ms
11:31:44 INFO  c.e.d.c.SalesforceController - Creating account
11:31:47 INFO  c.e.d.c.SalesforceController - Account created successfully: {attributes={type=Account, url=/services/data/v61.0/sobjects/Account/001bm00001KkOOHAA3}, Id=001bm00001KkOOHAA3, Name=ashour, Phone=010-1234-5678, Website=https://mohamedcorp.com, Industry=Technology, AccountNumber=A231111, Fax=01022129005}
13:21:30 INFO  o.s.b.d.a.LocalDevToolsAutoConfiguration$RestartingClassPathChangeChangedEventListener - Restarting due to 1 class path change (0 additions, 0 deletions, 1 modification)
13:21:30 INFO  o.s.b.w.e.tomcat.GracefulShutdown - Commencing graceful shutdown. Waiting for active requests to complete
13:21:30 INFO  o.a.coyote.http11.Http11NioProtocol - Pausing ProtocolHandler ["http-nio-9090"]
13:21:30 INFO  o.s.b.w.e.tomcat.GracefulShutdown - Graceful shutdown complete
13:21:30 INFO  o.a.coyote.http11.Http11NioProtocol - Stopping ProtocolHandler ["http-nio-9090"]
13:21:31 INFO  com.example.demo.DemoApplication - Starting DemoApplication using Java 21.0.6 with PID 32596 (C:\Users\MohamedAnchors\Downloads\salesforce-spring\demo\demo\target\classes started by MohamedAnchors in C:\Users\MohamedAnchors\Downloads\salesforce-spring\demo\demo)
13:21:31 INFO  com.example.demo.DemoApplication - No active profile set, falling back to 1 default profile: "default"
13:21:32 INFO  o.s.b.w.e.tomcat.TomcatWebServer - Tomcat initialized with port 9090 (http)
13:21:32 INFO  o.a.coyote.http11.Http11NioProtocol - Initializing ProtocolHandler ["http-nio-9090"]
13:21:32 INFO  o.a.catalina.core.StandardService - Starting service [Tomcat]
13:21:32 INFO  o.a.catalina.core.StandardEngine - Starting Servlet engine: [Apache Tomcat/10.1.48]
13:21:32 INFO  o.a.c.c.C.[Tomcat].[localhost].[/] - Initializing Spring embedded WebApplicationContext
13:21:32 INFO  o.s.b.w.s.c.ServletWebServerApplicationContext - Root WebApplicationContext: initialization completed in 877 ms
13:21:32 INFO  o.s.b.a.w.s.WelcomePageHandlerMapping - Adding welcome page: class path resource [static/index.html]
13:21:32 INFO  o.s.b.d.a.OptionalLiveReloadServer - LiveReload server is running on port 35729
13:21:32 INFO  o.a.coyote.http11.Http11NioProtocol - Starting ProtocolHandler ["http-nio-9090"]
13:21:32 INFO  o.s.b.w.e.tomcat.TomcatWebServer - Tomcat started on port 9090 (http) with context path '/'
13:21:32 INFO  com.example.demo.DemoApplication - Started DemoApplication in 1.352 seconds (process running for 12577.912)
13:21:32 INFO  o.s.b.d.a.ConditionEvaluationDeltaLoggingListener - Condition evaluation unchanged
13:21:35 INFO  o.a.c.c.C.[Tomcat].[localhost].[/] - Initializing Spring DispatcherServlet 'dispatcherServlet'
13:21:35 INFO  o.s.web.servlet.DispatcherServlet - Initializing Servlet 'dispatcherServlet'
13:21:35 INFO  o.s.web.servlet.DispatcherServlet - Completed initialization in 2 ms
13:21:36 INFO  c.e.d.c.SalesforceController - Creating account
13:21:36 INFO  c.e.d.c.SalesforceController - check if the account created or not
13:21:38 INFO  c.e.d.c.SalesforceController - Account created successfully: {attributes={type=Account, url=/services/data/v61.0/sobjects/Account/001bm00001KjHtXAAV}, Id=001bm00001KjHtXAAV, Name=ashour, Phone=010-1234-5678, Website=https://mohamedcorp.com, Industry=Technology, AccountNumber=A231111, Fax=01022129005}
